<?xml version="1.0" encoding="UTF-8"?>
<testng-results skipped="0" failed="0" total="1" passed="1">
  <reporter-output>
  </reporter-output>
  <suite name="Default suite" duration-ms="24057" started-at="2018-06-25T10:46:39Z" finished-at="2018-06-25T10:47:03Z">
    <groups>
    </groups>
    <test name="Default test" duration-ms="24057" started-at="2018-06-25T10:46:39Z" finished-at="2018-06-25T10:47:03Z">
      <class name="selineum.June25.NewTest25">
        <test-method status="PASS" signature="beforeTest()[pri:0, instance:selineum.June25.NewTest25@26653222]" name="beforeTest" is-config="true" duration-ms="17570" started-at="2018-06-25T16:16:39Z" finished-at="2018-06-25T16:16:57Z">
          <reporter-output>
          </reporter-output>
        </test-method> <!-- beforeTest -->
        <test-method status="PASS" signature="login(java.lang.String, java.lang.String)[pri:0, instance:selineum.June25.NewTest25@26653222]" name="login" duration-ms="5630" started-at="2018-06-25T16:16:57Z" data-provider="loginData" finished-at="2018-06-25T16:17:03Z">
          <params>
            <param index="0">
              <value>
                <![CDATA[invalidUN]]>
              </value>
            </param>
            <param index="1">
              <value>
                <![CDATA[invalidPW]]>
              </value>
            </param>
          </params>
          <reporter-output>
          </reporter-output>
        </test-method> <!-- login -->
        <test-method status="PASS" signature="afterTest()[pri:0, instance:selineum.June25.NewTest25@26653222]" name="afterTest" is-config="true" duration-ms="0" started-at="2018-06-25T16:17:03Z" finished-at="2018-06-25T16:17:03Z">
          <reporter-output>
          </reporter-output>
        </test-method> <!-- afterTest -->
      </class> <!-- selineum.June25.NewTest25 -->
    </test> <!-- Default test -->
  </suite> <!-- Default suite -->
</testng-results>
